<?xml version="1.0" encoding="UTF-8"?>
<!-- Generated by org.testng.reporters.JUnitXMLReporter -->
<testsuite hostname="linux-ro21.site" name="suiteTest" tests="2" failures="1" timestamp="10 May 2013 06:13:31 GMT" time="37.462" errors="0">
  <testcase name="browseItems" time="9.482" classname="com.globant.training.CopyOfEtsyTest"/>
  <testcase name="browseItems" time="0.121" classname="com.globant.training.EtsyTest">
    <failure type="java.lang.IllegalStateException" message="This is not the right page">
      <![CDATA[java.lang.IllegalStateException: This is not the right page
	at com.globant.training.etsy.pages.CommonPage.checkCorrectPage(CommonPage.java:30)
	at com.globant.training.etsy.pages.CommonPage.<init>(CommonPage.java:25)
	at com.globant.training.etsy.pages.HomePage.<init>(HomePage.java:12)
	at com.globant.training.EtsyTest.browseItems(EtsyTest.java:40)
... Removed 33 stack frames]]>
    </failure>
  </testcase> <!-- browseItems -->
</testsuite> <!-- suiteTest -->
