<?xml version="1.0" encoding="UTF-8"?>
<testsuite name="TestSuite" time="9.619" tests="2" errors="0" skipped="0" failures="1">
  <properties>
[...]
</properties>
  <testcase name="browseItems" classname="com.globant.training.CopyOfEtsyTest" time="9.483"/>
  <testcase name="browseItems" classname="com.globant.training.EtsyTest" time="0.136">
    <failure message="This is not the right page" type="java.lang.IllegalStateException"><![CDATA[java.lang.IllegalStateException: This is not the right page
	at com.globant.training.etsy.pages.CommonPage.checkCorrectPage(CommonPage.java:30)
	at com.globant.training.etsy.pages.CommonPage.<init>(CommonPage.java:25)
	at com.globant.training.etsy.pages.HomePage.<init>(HomePage.java:12)
	at com.globant.training.EtsyTest.browseItems(EtsyTest.java:40)
]]></failure>
  </testcase>
</testsuite>