<?xml version="1.0" encoding="UTF-8"?>
<testng-results skipped="0" failed="1" total="2" passed="1">
  <reporter-output>
  </reporter-output>
  <suite name="My test suite" duration-ms="37462" started-at="2013-05-10T06:12:53Z" finished-at="2013-05-10T06:13:31Z">
    <groups>
      <group name="suite1">
        <method signature="CopyOfEtsyTest.browseItems()[pri:0, instance:com.globant.training.CopyOfEtsyTest@1901437]" name="browseItems" class="com.globant.training.CopyOfEtsyTest"/>
        <method signature="EtsyTest.browseItems()[pri:0, instance:com.globant.training.EtsyTest@39443f]" name="browseItems" class="com.globant.training.EtsyTest"/>
      </group> <!-- suite1 -->
    </groups>
    <test name="suiteTest" duration-ms="37462" started-at="2013-05-10T06:12:53Z" finished-at="2013-05-10T06:13:31Z">
      <class name="com.globant.training.EtsyTest">
        <test-method status="PASS" signature="init()[pri:0, instance:com.globant.training.EtsyTest@39443f]" name="init" is-config="true" duration-ms="13636" started-at="2013-05-10T01:13:17Z" finished-at="2013-05-10T01:13:31Z">
          <reporter-output>
          </reporter-output>
        </test-method> <!-- init -->
        <test-method status="FAIL" signature="browseItems()[pri:0, instance:com.globant.training.EtsyTest@39443f]" name="browseItems" duration-ms="121" started-at="2013-05-10T01:13:31Z" finished-at="2013-05-10T01:13:31Z">
          <exception class="java.lang.IllegalStateException">
            <message>
              <![CDATA[This is not the right page]]>
            </message>
            <full-stacktrace>
              <![CDATA[java.lang.IllegalStateException: This is not the right page
	at com.globant.training.etsy.pages.CommonPage.checkCorrectPage(CommonPage.java:30)
	at com.globant.training.etsy.pages.CommonPage.<init>(CommonPage.java:25)
	at com.globant.training.etsy.pages.HomePage.<init>(HomePage.java:12)
	at com.globant.training.EtsyTest.browseItems(EtsyTest.java:40)
	at sun.reflect.NativeMethodAccessorImpl.invoke0(Native Method)
	at sun.reflect.NativeMethodAccessorImpl.invoke(NativeMethodAccessorImpl.java:39)
	at sun.reflect.DelegatingMethodAccessorImpl.invoke(DelegatingMethodAccessorImpl.java:25)
	at java.lang.reflect.Method.invoke(Method.java:597)
	at org.testng.internal.MethodInvocationHelper.invokeMethod(MethodInvocationHelper.java:84)
	at org.testng.internal.Invoker.invokeMethod(Invoker.java:714)
	at org.testng.internal.Invoker.invokeTestMethod(Invoker.java:901)
	at org.testng.internal.Invoker.invokeTestMethods(Invoker.java:1231)
	at org.testng.internal.TestMethodWorker.invokeTestMethods(TestMethodWorker.java:127)
	at org.testng.internal.TestMethodWorker.run(TestMethodWorker.java:111)
	at org.testng.TestRunner.privateRun(TestRunner.java:767)
	at org.testng.TestRunner.run(TestRunner.java:617)
	at org.testng.SuiteRunner.runTest(SuiteRunner.java:334)
	at org.testng.SuiteRunner.runSequentially(SuiteRunner.java:329)
	at org.testng.SuiteRunner.privateRun(SuiteRunner.java:291)
	at org.testng.SuiteRunner.run(SuiteRunner.java:240)
	at org.testng.SuiteRunnerWorker.runSuite(SuiteRunnerWorker.java:52)
	at org.testng.SuiteRunnerWorker.run(SuiteRunnerWorker.java:86)
	at org.testng.TestNG.runSuitesSequentially(TestNG.java:1224)
	at org.testng.TestNG.runSuitesLocally(TestNG.java:1149)
	at org.testng.TestNG.run(TestNG.java:1057)
	at org.apache.maven.surefire.testng.TestNGExecutor.run(TestNGExecutor.java:178)
	at org.apache.maven.surefire.testng.TestNGXmlTestSuite.execute(TestNGXmlTestSuite.java:92)
	at org.apache.maven.surefire.testng.TestNGProvider.invoke(TestNGProvider.java:96)
	at sun.reflect.NativeMethodAccessorImpl.invoke0(Native Method)
	at sun.reflect.NativeMethodAccessorImpl.invoke(NativeMethodAccessorImpl.java:39)
	at sun.reflect.DelegatingMethodAccessorImpl.invoke(DelegatingMethodAccessorImpl.java:25)
	at java.lang.reflect.Method.invoke(Method.java:597)
	at org.apache.maven.surefire.util.ReflectionUtils.invokeMethodWithArray2(ReflectionUtils.java:208)
	at org.apache.maven.surefire.booter.ProviderFactory$ProviderProxy.invoke(ProviderFactory.java:159)
	at org.apache.maven.surefire.booter.ProviderFactory.invokeProvider(ProviderFactory.java:87)
	at org.apache.maven.surefire.booter.ForkedBooter.runSuitesInProcess(ForkedBooter.java:153)
	at org.apache.maven.surefire.booter.ForkedBooter.main(ForkedBooter.java:95)
]]>
            </full-stacktrace>
          </exception> <!-- java.lang.IllegalStateException -->
          <reporter-output>
          </reporter-output>
        </test-method> <!-- browseItems -->
      </class> <!-- com.globant.training.EtsyTest -->
      <class name="com.globant.training.CopyOfEtsyTest">
        <test-method status="PASS" signature="init()[pri:0, instance:com.globant.training.CopyOfEtsyTest@1901437]" name="init" is-config="true" duration-ms="14130" started-at="2013-05-10T01:12:53Z" finished-at="2013-05-10T01:13:07Z">
          <reporter-output>
          </reporter-output>
        </test-method> <!-- init -->
        <test-method status="PASS" signature="browseItems()[pri:0, instance:com.globant.training.CopyOfEtsyTest@1901437]" name="browseItems" duration-ms="9482" started-at="2013-05-10T01:13:07Z" finished-at="2013-05-10T01:13:17Z">
          <reporter-output>
          </reporter-output>
        </test-method> <!-- browseItems -->
      </class> <!-- com.globant.training.CopyOfEtsyTest -->
    </test> <!-- suiteTest -->
  </suite> <!-- My test suite -->
</testng-results>
